INFO  | 17-01-2015 16:36:16 | 69  | [Server]: server was successfully initialized
--------------------------------------------------------------------------------------
INFO  | 17-01-2015 16:41:10 | 229  | [User]: a list of all taxi cars and drivers was displayed
INFO  | 17-01-2015 16:41:16 | 423  | [User]: taxi car [1062053] was added to user's favorites list
INFO  | 17-01-2015 16:41:16 | 423  | [User]: taxi car [1062055] was added to user's favorites list
INFO  | 17-01-2015 16:41:18 | 423  | [User]: taxi car [1062057] was added to user's favorites list
INFO  | 17-01-2015 16:41:20 | 423  | [User]: taxi car [1062119] was added to user's favorites list
INFO  | 17-01-2015 16:41:21 | 423  | [User]: taxi car [1062118] was added to user's favorites list
INFO  | 17-01-2015 16:41:24 | 423  | [User]: taxi car [1062131] was added to user's favorites list
INFO  | 17-01-2015 16:41:25 | 423  | [User]: taxi car [1062130] was added to user's favorites list
INFO  | 17-01-2015 16:41:28 | 423  | [User]: taxi car [1062137] was added to user's favorites list
INFO  | 17-01-2015 16:41:31 | 289  | [User]: a list of all "MPV" cars was displayed
INFO  | 17-01-2015 16:41:33 | 289  | [User]: a list of all "Limousine" cars was displayed
INFO  | 17-01-2015 16:41:36 | 289  | [User]: a list of all "Station wagon" cars was displayed
INFO  | 17-01-2015 16:41:43 | 470  | [User]: taxi car [1062053] was removed from user's favorites list
INFO  | 17-01-2015 16:41:44 | 470  | [User]: taxi car [1062055] was removed from user's favorites list
INFO  | 17-01-2015 16:41:45 | 470  | [User]: taxi car [1062057] was removed from user's favorites list
INFO  | 17-01-2015 16:41:46 | 470  | [User]: taxi car [1062119] was removed from user's favorites list
INFO  | 17-01-2015 16:41:48 | 470  | [User]: taxi car [1062118] was removed from user's favorites list
INFO  | 17-01-2015 16:41:49 | 470  | [User]: taxi car [1062131] was removed from user's favorites list
INFO  | 17-01-2015 16:41:49 | 470  | [User]: taxi car [1062130] was removed from user's favorites list
INFO  | 17-01-2015 16:41:50 | 470  | [User]: taxi car [1062137] was removed from user's favorites list
INFO  | 17-01-2015 16:42:05 | 122  | [User]: a list of five closest taxi cars was displayed based on user current location coordinates [32.0921738], [34.8937485]
INFO  | 17-01-2015 16:42:09 | 423  | [User]: taxi car [1062141] was added to user's favorites list
INFO  | 17-01-2015 16:42:16 | 470  | [User]: taxi car [1062141] was removed from user's favorites list
INFO  | 17-01-2015 16:42:16 | 423  | [User]: taxi car [1062141] was added to user's favorites list
INFO  | 17-01-2015 16:42:19 | 470  | [User]: taxi car [1062141] was removed from user's favorites list
INFO  | 17-01-2015 16:42:19 | 423  | [User]: taxi car [1062141] was added to user's favorites list
INFO  | 17-01-2015 16:42:22 | 470  | [User]: taxi car [1062141] was removed from user's favorites list
INFO  | 17-01-2015 16:42:35 | 905  | [User]: admin@gmail.com was logged in as Admin [keep me logged in mode: OFF]
INFO  | 17-01-2015 16:42:47 | 897  | [User]: admin@gmail.com was logged in as Admin [keep me logged in mode: ON]
INFO  | 17-01-2015 16:42:54 | 255  | [Admin]: a list of all taxi cars and drivers was displayed
INFO  | 17-01-2015 16:42:57 | 324  | [Admin]: a list of all "Hatchback" cars was displayed
INFO  | 17-01-2015 16:43:34 | 559  | [Admin]: taxi car [1000000] was added into the database
INFO  | 17-01-2015 16:43:40 | 957  | [Admin]: admin was logged out
INFO  | 17-01-2015 16:43:42 | 229  | [User]: a list of all taxi cars and drivers was displayed
INFO  | 17-01-2015 16:43:46 | 423  | [User]: taxi car [1000000] was added to user's favorites list
INFO  | 17-01-2015 16:45:14 | 897  | [User]: admin@gmail.com was logged in as Admin [keep me logged in mode: ON]
INFO  | 17-01-2015 16:45:20 | 255  | [Admin]: a list of all taxi cars and drivers was displayed
INFO  | 17-01-2015 16:45:24 | 324  | [Admin]: a list of all "Sedan" cars was displayed
ERROR | 17-01-2015 16:45:49 | 569  | [Admin]: taxi car [1000000] was NOT added into the database
INFO  | 17-01-2015 16:46:03 | 584  | [ADMIN]: entered into the taxi car update form
INFO  | 17-01-2015 16:46:07 | 488  | [Admin]: retrieved [1000000] taxi car information
INFO  | 17-01-2015 16:46:25 | 717  | [Admin]: taxi car [1000000] info was updated
INFO  | 17-01-2015 16:46:30 | 255  | [Admin]: a list of all taxi cars and drivers was displayed
INFO  | 17-01-2015 16:46:50 | 350  | [ADMIN]: a list of all taxi cars companies was displayed
INFO  | 17-01-2015 16:46:55 | 610  | [ADMIN]: entered into the taxi car company update form
INFO  | 17-01-2015 16:47:00 | 518  | [Admin]: retrieved [HIT Taxi ] company information
INFO  | 17-01-2015 16:47:02 | 781  | [Admin]: company "HIT Taxi " info was updated
INFO  | 17-01-2015 16:47:05 | 350  | [ADMIN]: a list of all taxi cars companies was displayed
INFO  | 17-01-2015 16:47:12 | 584  | [ADMIN]: entered into the taxi car update form
INFO  | 17-01-2015 16:47:15 | 488  | [Admin]: retrieved [1000000] taxi car information
INFO  | 17-01-2015 16:47:18 | 709  | [Admin]: taxi car [KOKO] company was added automatically during taxi car update process
INFO  | 17-01-2015 16:47:18 | 717  | [Admin]: taxi car [1000000] info was updated
INFO  | 17-01-2015 16:47:19 | 717  | [Admin]: taxi car [1000000] info was updated
INFO  | 17-01-2015 16:47:23 | 350  | [ADMIN]: a list of all taxi cars companies was displayed
INFO  | 17-01-2015 16:47:26 | 610  | [ADMIN]: entered into the taxi car company update form
INFO  | 17-01-2015 16:47:29 | 518  | [Admin]: retrieved [KOKO] company information
INFO  | 17-01-2015 16:47:31 | 781  | [Admin]: company "KOKO" info was updated
INFO  | 17-01-2015 16:47:37 | 350  | [ADMIN]: a list of all taxi cars companies was displayed
INFO  | 17-01-2015 16:47:41 | 636  | [ADMIN]: entered into the taxi car and driver delete form
INFO  | 17-01-2015 16:47:44 | 488  | [Admin]: retrieved [1000000] taxi car information
INFO  | 17-01-2015 16:47:45 | 811  | [Admin]: taxi car [1000000] was deleted from the database
INFO  | 17-01-2015 16:47:49 | 662  | [ADMIN]: entered into the taxi car company delete form
INFO  | 17-01-2015 16:47:54 | 845  | [Admin]: company "HIT Taxi " was deleted from the database
INFO  | 17-01-2015 16:47:58 | 845  | [Admin]: company "KOKO" was deleted from the database
INFO  | 17-01-2015 16:48:03 | 662  | [ADMIN]: entered into the taxi car company delete form
INFO  | 17-01-2015 16:48:08 | 350  | [ADMIN]: a list of all taxi cars companies was displayed
INFO  | 17-01-2015 16:48:25 | 957  | [Admin]: admin was logged out
INFO  | 17-01-2015 16:48:37 | 897  | [User]: admin@gmail.com was logged in as Admin [keep me logged in mode: ON]
INFO  | 17-01-2015 16:48:49 | 255  | [Admin]: a list of all taxi cars and drivers was displayed
INFO  | 17-01-2015 16:49:21 | 957  | [Admin]: admin was logged out
INFO  | 17-01-2015 16:49:28 | 897  | [User]: admin@gmail.com was logged in as Admin [keep me logged in mode: ON]
INFO  | 17-01-2015 16:49:33 | 255  | [Admin]: a list of all taxi cars and drivers was displayed
INFO  | 17-01-2015 16:49:47 | 957  | [Admin]: admin was logged out
INFO  | 17-01-2015 16:49:54 | 897  | [User]: admin@gmail.com was logged in as Admin [keep me logged in mode: ON]
INFO  | 17-01-2015 16:49:59 | 255  | [Admin]: a list of all taxi cars and drivers was displayed
INFO  | 17-01-2015 16:50:05 | 255  | [Admin]: a list of all taxi cars and drivers was displayed
INFO  | 17-01-2015 16:50:47 | 559  | [Admin]: taxi car [1000000] was added into the database
INFO  | 17-01-2015 16:50:53 | 957  | [Admin]: admin was logged out
INFO  | 17-01-2015 16:51:01 | 897  | [User]: admin@gmail.com was logged in as Admin [keep me logged in mode: ON]
INFO  | 17-01-2015 16:51:03 | 897  | [User]: admin@gmail.com was logged in as Admin [keep me logged in mode: ON]
INFO  | 17-01-2015 16:51:10 | 255  | [Admin]: a list of all taxi cars and drivers was displayed
INFO  | 17-01-2015 16:51:25 | 350  | [ADMIN]: a list of all taxi cars companies was displayed
INFO  | 17-01-2015 16:51:32 | 957  | [Admin]: admin was logged out
INFO  | 17-01-2015 16:51:39 | 122  | [User]: a list of five closest taxi cars was displayed based on user current location coordinates [32.0921647], [34.8937503]
INFO  | 17-01-2015 16:58:35 | 89  | [Server]: server was taken out of service

INFO  | 17-01-2015 16:58:35 | 69  | [Server]: server was successfully initialized
--------------------------------------------------------------------------------------
INFO  | 17-01-2015 16:58:41 | 89  | [Server]: server was taken out of service

INFO  | 17-01-2015 16:58:49 | 69  | [Server]: server was successfully initialized
--------------------------------------------------------------------------------------
INFO  | 17-01-2015 16:58:58 | 229  | [User]: a list of all taxi cars and drivers was displayed
INFO  | 17-01-2015 16:59:14 | 420  | [User]: taxi car [1000000] was added to user's favorites list
INFO  | 17-01-2015 16:59:16 | 420  | [User]: taxi car [1062053] was added to user's favorites list
INFO  | 17-01-2015 16:59:16 | 420  | [User]: taxi car [1062055] was added to user's favorites list
INFO  | 17-01-2015 16:59:19 | 420  | [User]: taxi car [1062057] was added to user's favorites list
INFO  | 17-01-2015 16:59:20 | 420  | [User]: taxi car [1062118] was added to user's favorites list
INFO  | 17-01-2015 16:59:23 | 420  | [User]: taxi car [1062119] was added to user's favorites list
INFO  | 17-01-2015 16:59:28 | 467  | [User]: taxi car [1062053] was removed from user's favorites list
INFO  | 17-01-2015 16:59:29 | 467  | [User]: taxi car [1062055] was removed from user's favorites list
INFO  | 17-01-2015 16:59:29 | 420  | [User]: taxi car [1062055] was added to user's favorites list
INFO  | 17-01-2015 16:59:30 | 467  | [User]: taxi car [1062057] was removed from user's favorites list
INFO  | 17-01-2015 16:59:31 | 467  | [User]: taxi car [1062118] was removed from user's favorites list
INFO  | 17-01-2015 16:59:31 | 467  | [User]: taxi car [1062119] was removed from user's favorites list
INFO  | 17-01-2015 16:59:31 | 420  | [User]: taxi car [1062119] was added to user's favorites list
INFO  | 17-01-2015 16:59:32 | 467  | [User]: taxi car [1062055] was removed from user's favorites list
INFO  | 17-01-2015 16:59:32 | 420  | [User]: taxi car [1062055] was added to user's favorites list
INFO  | 17-01-2015 16:59:33 | 467  | [User]: taxi car [1062119] was removed from user's favorites list
INFO  | 17-01-2015 16:59:33 | 420  | [User]: taxi car [1062119] was added to user's favorites list
INFO  | 17-01-2015 16:59:33 | 467  | [User]: taxi car [1062055] was removed from user's favorites list
INFO  | 17-01-2015 16:59:33 | 420  | [User]: taxi car [1062055] was added to user's favorites list
INFO  | 17-01-2015 16:59:34 | 467  | [User]: taxi car [1062119] was removed from user's favorites list
INFO  | 17-01-2015 16:59:35 | 467  | [User]: taxi car [1062055] was removed from user's favorites list
INFO  | 17-01-2015 16:59:36 | 467  | [User]: taxi car [1000000] was removed from user's favorites list
INFO  | 17-01-2015 16:59:36 | 420  | [User]: taxi car [1000000] was added to user's favorites list
INFO  | 17-01-2015 16:59:37 | 467  | [User]: taxi car [1000000] was removed from user's favorites list
INFO  | 17-01-2015 17:01:27 | 89  | [Server]: server was taken out of service

INFO  | 17-01-2015 17:01:28 | 69  | [Server]: server was successfully initialized
--------------------------------------------------------------------------------------
INFO  | 17-01-2015 17:01:30 | 89  | [Server]: server was taken out of service

INFO  | 17-01-2015 17:05:40 | 69  | [Server]: server was successfully initialized
--------------------------------------------------------------------------------------
INFO  | 17-01-2015 17:05:49 | 229  | [User]: a list of all taxi cars and drivers was displayed
INFO  | 17-01-2015 17:05:51 | 423  | [User]: taxi car [1000000] was added to user's favorites list
INFO  | 17-01-2015 17:05:52 | 423  | [User]: taxi car [1062053] was added to user's favorites list
INFO  | 17-01-2015 17:05:53 | 423  | [User]: taxi car [1062055] was added to user's favorites list
INFO  | 17-01-2015 17:05:54 | 423  | [User]: taxi car [1062057] was added to user's favorites list
INFO  | 17-01-2015 17:05:56 | 423  | [User]: taxi car [1062118] was added to user's favorites list
INFO  | 17-01-2015 17:06:05 | 469  | [User]: taxi car [1000000] was removed from user's favorites list
INFO  | 17-01-2015 17:06:06 | 469  | [User]: taxi car [1062057] was removed from user's favorites list
INFO  | 17-01-2015 17:06:07 | 469  | [User]: taxi car [1062118] was removed from user's favorites list
INFO  | 17-01-2015 17:06:08 | 469  | [User]: taxi car [1062055] was removed from user's favorites list
INFO  | 17-01-2015 17:06:09 | 469  | [User]: taxi car [1062053] was removed from user's favorites list
INFO  | 17-01-2015 17:06:09 | 423  | [User]: taxi car [1062053] was added to user's favorites list
INFO  | 17-01-2015 17:06:10 | 469  | [User]: taxi car [1062053] was removed from user's favorites list
INFO  | 17-01-2015 17:06:10 | 423  | [User]: taxi car [1062053] was added to user's favorites list
INFO  | 17-01-2015 17:06:11 | 469  | [User]: taxi car [1062053] was removed from user's favorites list
INFO  | 17-01-2015 17:06:11 | 423  | [User]: taxi car [1062053] was added to user's favorites list
INFO  | 17-01-2015 17:06:11 | 469  | [User]: taxi car [1062053] was removed from user's favorites list
INFO  | 17-01-2015 17:06:11 | 423  | [User]: taxi car [1062053] was added to user's favorites list
INFO  | 17-01-2015 17:06:12 | 469  | [User]: taxi car [1062053] was removed from user's favorites list
INFO  | 17-01-2015 17:07:29 | 89  | [Server]: server was taken out of service

INFO  | 17-01-2015 17:07:36 | 69  | [Server]: server was successfully initialized
--------------------------------------------------------------------------------------
INFO  | 17-01-2015 17:07:49 | 229  | [User]: a list of all taxi cars and drivers was displayed
INFO  | 17-01-2015 17:07:50 | 423  | [User]: taxi car [1000000] was added to user's favorites list
INFO  | 17-01-2015 17:07:51 | 423  | [User]: taxi car [1062053] was added to user's favorites list
INFO  | 17-01-2015 17:07:51 | 423  | [User]: taxi car [1062055] was added to user's favorites list
INFO  | 17-01-2015 17:07:52 | 423  | [User]: taxi car [1062057] was added to user's favorites list
INFO  | 17-01-2015 17:07:55 | 423  | [User]: taxi car [1062118] was added to user's favorites list
INFO  | 17-01-2015 17:08:03 | 470  | [User]: taxi car [1000000] was removed from user's favorites list
INFO  | 17-01-2015 17:08:05 | 470  | [User]: taxi car [1062057] was removed from user's favorites list
INFO  | 17-01-2015 17:08:06 | 470  | [User]: taxi car [1062118] was removed from user's favorites list
INFO  | 17-01-2015 17:08:13 | 470  | [User]: taxi car [1062053] was removed from user's favorites list
INFO  | 17-01-2015 17:08:14 | 470  | [User]: taxi car [1062055] was removed from user's favorites list
INFO  | 17-01-2015 17:08:14 | 423  | [User]: taxi car [1062055] was added to user's favorites list
INFO  | 17-01-2015 17:08:15 | 470  | [User]: taxi car [1062055] was removed from user's favorites list
INFO  | 17-01-2015 17:19:08 | 89  | [Server]: server was taken out of service

INFO  | 17-01-2015 17:19:09 | 69  | [Server]: server was successfully initialized
--------------------------------------------------------------------------------------
INFO  | 17-01-2015 17:19:11 | 89  | [Server]: server was taken out of service

INFO  | 17-01-2015 17:27:47 | 69  | [Server]: server was successfully initialized
--------------------------------------------------------------------------------------
INFO  | 17-01-2015 17:27:57 | 229  | [User]: a list of all taxi cars and drivers was displayed
INFO  | 17-01-2015 17:27:58 | 423  | [User]: taxi car [1000000] was added to user's favorites list
INFO  | 17-01-2015 17:27:59 | 423  | [User]: taxi car [1062053] was added to user's favorites list
INFO  | 17-01-2015 17:27:59 | 423  | [User]: taxi car [1062055] was added to user's favorites list
INFO  | 17-01-2015 17:28:00 | 423  | [User]: taxi car [1062057] was added to user's favorites list
INFO  | 17-01-2015 17:28:01 | 423  | [User]: taxi car [1062118] was added to user's favorites list
INFO  | 17-01-2015 17:28:04 | 423  | [User]: taxi car [1062119] was added to user's favorites list
INFO  | 17-01-2015 17:28:05 | 423  | [User]: taxi car [1062131] was added to user's favorites list
INFO  | 17-01-2015 17:28:05 | 423  | [User]: taxi car [1062130] was added to user's favorites list
INFO  | 17-01-2015 17:28:20 | 470  | [User]: taxi car [1062053] was removed from user's favorites list
INFO  | 17-01-2015 17:28:21 | 470  | [User]: taxi car [1062055] was removed from user's favorites list
INFO  | 17-01-2015 17:28:21 | 470  | [User]: taxi car [1062057] was removed from user's favorites list
INFO  | 17-01-2015 17:28:22 | 470  | [User]: taxi car [1062118] was removed from user's favorites list
INFO  | 17-01-2015 17:28:23 | 470  | [User]: taxi car [1062119] was removed from user's favorites list
INFO  | 17-01-2015 17:28:24 | 470  | [User]: taxi car [1000000] was removed from user's favorites list
INFO  | 17-01-2015 17:28:25 | 470  | [User]: taxi car [1062131] was removed from user's favorites list
INFO  | 17-01-2015 17:28:25 | 470  | [User]: taxi car [1062130] was removed from user's favorites list
INFO  | 17-01-2015 17:29:33 | 89  | [Server]: server was taken out of service

INFO  | 17-01-2015 17:29:34 | 69  | [Server]: server was successfully initialized
--------------------------------------------------------------------------------------
INFO  | 17-01-2015 17:31:49 | 89  | [Server]: server was taken out of service

INFO  | 17-01-2015 17:31:50 | 69  | [Server]: server was successfully initialized
--------------------------------------------------------------------------------------
INFO  | 17-01-2015 17:31:51 | 89  | [Server]: server was taken out of service

INFO  | 17-01-2015 17:36:51 | 69  | [Server]: server was successfully initialized
--------------------------------------------------------------------------------------
INFO  | 17-01-2015 17:37:01 | 229  | [User]: a list of all taxi cars and drivers was displayed
INFO  | 17-01-2015 17:37:16 | 229  | [User]: a list of all taxi cars and drivers was displayed
INFO  | 17-01-2015 17:37:34 | 229  | [User]: a list of all taxi cars and drivers was displayed
INFO  | 17-01-2015 17:38:34 | 229  | [User]: a list of all taxi cars and drivers was displayed
INFO  | 17-01-2015 17:38:38 | 424  | [User]: taxi car [1062053] was added to user's favorites list
INFO  | 17-01-2015 17:38:39 | 424  | [User]: taxi car [1062055] was added to user's favorites list
INFO  | 17-01-2015 17:38:40 | 424  | [User]: taxi car [1062057] was added to user's favorites list
INFO  | 17-01-2015 17:38:41 | 424  | [User]: taxi car [1000000] was added to user's favorites list
INFO  | 17-01-2015 17:38:44 | 424  | [User]: taxi car [1062118] was added to user's favorites list
INFO  | 17-01-2015 17:38:45 | 424  | [User]: taxi car [1062131] was added to user's favorites list
INFO  | 17-01-2015 17:38:46 | 424  | [User]: taxi car [1062130] was added to user's favorites list
INFO  | 17-01-2015 17:38:46 | 424  | [User]: taxi car [1062119] was added to user's favorites list
INFO  | 17-01-2015 17:38:53 | 474  | [User]: taxi car [1062057] was removed from user's favorites list
INFO  | 17-01-2015 17:39:03 | 474  | [User]: taxi car [1062055] was removed from user's favorites list
INFO  | 17-01-2015 17:39:03 | 474  | [User]: taxi car [1000000] was removed from user's favorites list
INFO  | 17-01-2015 17:39:04 | 474  | [User]: taxi car [1062118] was removed from user's favorites list
INFO  | 17-01-2015 17:39:05 | 474  | [User]: taxi car [1062131] was removed from user's favorites list
INFO  | 17-01-2015 17:39:06 | 474  | [User]: taxi car [1062130] was removed from user's favorites list
INFO  | 17-01-2015 17:39:06 | 474  | [User]: taxi car [1062119] was removed from user's favorites list
INFO  | 17-01-2015 17:39:08 | 474  | [User]: taxi car [1062053] was removed from user's favorites list
INFO  | 17-01-2015 17:39:08 | 424  | [User]: taxi car [1062053] was added to user's favorites list
INFO  | 17-01-2015 17:39:08 | 474  | [User]: taxi car [1062053] was removed from user's favorites list
INFO  | 17-01-2015 17:39:40 | 89  | [Server]: server was taken out of service

INFO  | 17-01-2015 17:39:41 | 69  | [Server]: server was successfully initialized
--------------------------------------------------------------------------------------
INFO  | 17-01-2015 18:03:08 | 229  | [User]: a list of all taxi cars and drivers was displayed
INFO  | 17-01-2015 18:03:08 | 229  | [User]: a list of all taxi cars and drivers was displayed
INFO  | 17-01-2015 18:03:13 | 423  | [User]: taxi car [1062053] was added to user's favorites list
INFO  | 17-01-2015 18:03:13 | 423  | [User]: taxi car [1062057] was added to user's favorites list
INFO  | 17-01-2015 18:03:15 | 423  | [User]: taxi car [1062118] was added to user's favorites list
INFO  | 17-01-2015 18:04:10 | 470  | [User]: taxi car [1062053] was removed from user's favorites list
INFO  | 17-01-2015 18:04:11 | 470  | [User]: taxi car [1062057] was removed from user's favorites list
INFO  | 17-01-2015 18:04:11 | 470  | [User]: taxi car [1062118] was removed from user's favorites list
INFO  | 17-01-2015 18:06:36 | 89  | [Server]: server was taken out of service

INFO  | 17-01-2015 18:06:49 | 69  | [Server]: server was successfully initialized
--------------------------------------------------------------------------------------
INFO  | 17-01-2015 18:06:58 | 229  | [User]: a list of all taxi cars and drivers was displayed
INFO  | 17-01-2015 18:07:00 | 425  | [User]: taxi car [1062053] was added to user's favorites list
INFO  | 17-01-2015 18:07:04 | 425  | [User]: taxi car [1062118] was added to user's favorites list
INFO  | 17-01-2015 18:07:06 | 425  | [User]: taxi car [1062130] was added to user's favorites list
INFO  | 17-01-2015 18:07:07 | 425  | [User]: taxi car [1062131] was added to user's favorites list
INFO  | 17-01-2015 18:07:12 | 472  | [User]: taxi car [1062118] was removed from user's favorites list
INFO  | 17-01-2015 18:07:13 | 472  | [User]: taxi car [1062130] was removed from user's favorites list
INFO  | 17-01-2015 18:07:13 | 472  | [User]: taxi car [1062131] was removed from user's favorites list
INFO  | 17-01-2015 18:07:14 | 472  | [User]: taxi car [1062053] was removed from user's favorites list
INFO  | 17-01-2015 18:07:14 | 425  | [User]: taxi car [1062053] was added to user's favorites list
INFO  | 17-01-2015 18:07:16 | 472  | [User]: taxi car [1062053] was removed from user's favorites list
INFO  | 17-01-2015 18:07:16 | 425  | [User]: taxi car [1062053] was added to user's favorites list
INFO  | 17-01-2015 18:07:17 | 472  | [User]: taxi car [1062053] was removed from user's favorites list
INFO  | 17-01-2015 18:07:17 | 425  | [User]: taxi car [1062053] was added to user's favorites list
INFO  | 17-01-2015 18:07:17 | 472  | [User]: taxi car [1062053] was removed from user's favorites list
INFO  | 17-01-2015 18:08:10 | 89  | [Server]: server was taken out of service

INFO  | 17-01-2015 18:10:58 | 69  | [Server]: server was successfully initialized
--------------------------------------------------------------------------------------
INFO  | 17-01-2015 18:11:08 | 229  | [User]: a list of all taxi cars and drivers was displayed
INFO  | 17-01-2015 18:11:11 | 420  | [User]: taxi car [1062053] was added to user's favorites list
INFO  | 17-01-2015 18:11:12 | 420  | [User]: taxi car [1062057] was added to user's favorites list
INFO  | 17-01-2015 18:11:14 | 420  | [User]: taxi car [1062118] was added to user's favorites list
INFO  | 17-01-2015 18:11:16 | 420  | [User]: taxi car [1062119] was added to user's favorites list
INFO  | 17-01-2015 18:11:17 | 420  | [User]: taxi car [1062131] was added to user's favorites list
INFO  | 17-01-2015 18:11:17 | 420  | [User]: taxi car [1062130] was added to user's favorites list
INFO  | 17-01-2015 18:11:22 | 467  | [User]: taxi car [1062057] was removed from user's favorites list
INFO  | 17-01-2015 18:11:26 | 467  | [User]: taxi car [1062053] was removed from user's favorites list
INFO  | 17-01-2015 18:11:26 | 420  | [User]: taxi car [1062053] was added to user's favorites list
INFO  | 17-01-2015 18:11:28 | 467  | [User]: taxi car [1062118] was removed from user's favorites list
INFO  | 17-01-2015 18:11:28 | 420  | [User]: taxi car [1062118] was added to user's favorites list
INFO  | 17-01-2015 18:11:32 | 467  | [User]: taxi car [1062119] was removed from user's favorites list
INFO  | 17-01-2015 18:11:33 | 467  | [User]: taxi car [1062131] was removed from user's favorites list
INFO  | 17-01-2015 18:11:33 | 467  | [User]: taxi car [1062130] was removed from user's favorites list
INFO  | 17-01-2015 18:11:33 | 420  | [User]: taxi car [1062130] was added to user's favorites list
INFO  | 17-01-2015 18:11:34 | 467  | [User]: taxi car [1062053] was removed from user's favorites list
INFO  | 17-01-2015 18:11:34 | 420  | [User]: taxi car [1062053] was added to user's favorites list
INFO  | 17-01-2015 18:11:34 | 467  | [User]: taxi car [1062118] was removed from user's favorites list
INFO  | 17-01-2015 18:11:34 | 420  | [User]: taxi car [1062118] was added to user's favorites list
INFO  | 17-01-2015 18:11:35 | 467  | [User]: taxi car [1062130] was removed from user's favorites list
INFO  | 17-01-2015 18:11:35 | 420  | [User]: taxi car [1062130] was added to user's favorites list
INFO  | 17-01-2015 18:11:39 | 467  | [User]: taxi car [1062053] was removed from user's favorites list
INFO  | 17-01-2015 18:11:39 | 420  | [User]: taxi car [1062053] was added to user's favorites list
INFO  | 17-01-2015 18:11:39 | 467  | [User]: taxi car [1062118] was removed from user's favorites list
INFO  | 17-01-2015 18:11:39 | 420  | [User]: taxi car [1062118] was added to user's favorites list
INFO  | 17-01-2015 18:11:40 | 467  | [User]: taxi car [1062130] was removed from user's favorites list
INFO  | 17-01-2015 18:11:40 | 420  | [User]: taxi car [1062130] was added to user's favorites list
INFO  | 17-01-2015 18:11:40 | 467  | [User]: taxi car [1062053] was removed from user's favorites list
INFO  | 17-01-2015 18:11:40 | 420  | [User]: taxi car [1062053] was added to user's favorites list
INFO  | 17-01-2015 18:11:40 | 467  | [User]: taxi car [1062118] was removed from user's favorites list
INFO  | 17-01-2015 18:11:41 | 467  | [User]: taxi car [1062130] was removed from user's favorites list
INFO  | 17-01-2015 18:11:41 | 467  | [User]: taxi car [1062053] was removed from user's favorites list
INFO  | 17-01-2015 18:13:26 | 89  | [Server]: server was taken out of service

INFO  | 17-01-2015 18:13:27 | 69  | [Server]: server was successfully initialized
--------------------------------------------------------------------------------------
INFO  | 17-01-2015 18:13:29 | 89  | [Server]: server was taken out of service

INFO  | 17-01-2015 18:13:40 | 69  | [Server]: server was successfully initialized
--------------------------------------------------------------------------------------
INFO  | 17-01-2015 18:13:49 | 229  | [User]: a list of all taxi cars and drivers was displayed
INFO  | 17-01-2015 18:13:59 | 420  | [User]: taxi car [1062053] was added to user's favorites list
INFO  | 17-01-2015 18:14:01 | 420  | [User]: taxi car [1062057] was added to user's favorites list
INFO  | 17-01-2015 18:14:02 | 420  | [User]: taxi car [1062118] was added to user's favorites list
INFO  | 17-01-2015 18:14:05 | 420  | [User]: taxi car [1062131] was added to user's favorites list
INFO  | 17-01-2015 18:14:06 | 420  | [User]: taxi car [1062130] was added to user's favorites list
INFO  | 17-01-2015 18:14:07 | 420  | [User]: taxi car [1062119] was added to user's favorites list
INFO  | 17-01-2015 18:14:12 | 467  | [User]: taxi car [1062057] was removed from user's favorites list
INFO  | 17-01-2015 18:14:13 | 467  | [User]: taxi car [1062118] was removed from user's favorites list
INFO  | 17-01-2015 18:14:13 | 420  | [User]: taxi car [1062118] was added to user's favorites list
INFO  | 17-01-2015 18:14:14 | 467  | [User]: taxi car [1062053] was removed from user's favorites list
INFO  | 17-01-2015 18:14:14 | 420  | [User]: taxi car [1062053] was added to user's favorites list
INFO  | 17-01-2015 18:14:15 | 467  | [User]: taxi car [1062131] was removed from user's favorites list
INFO  | 17-01-2015 18:14:15 | 420  | [User]: taxi car [1062131] was added to user's favorites list
INFO  | 17-01-2015 18:14:17 | 467  | [User]: taxi car [1062130] was removed from user's favorites list
INFO  | 17-01-2015 18:14:17 | 420  | [User]: taxi car [1062130] was added to user's favorites list
INFO  | 17-01-2015 18:14:18 | 467  | [User]: taxi car [1062119] was removed from user's favorites list
INFO  | 17-01-2015 18:14:18 | 420  | [User]: taxi car [1062119] was added to user's favorites list
INFO  | 17-01-2015 18:14:19 | 467  | [User]: taxi car [1062118] was removed from user's favorites list
INFO  | 17-01-2015 18:14:21 | 467  | [User]: taxi car [1062053] was removed from user's favorites list
INFO  | 17-01-2015 18:14:22 | 467  | [User]: taxi car [1062131] was removed from user's favorites list
INFO  | 17-01-2015 18:14:22 | 420  | [User]: taxi car [1062131] was added to user's favorites list
INFO  | 17-01-2015 18:14:23 | 467  | [User]: taxi car [1062131] was removed from user's favorites list
INFO  | 17-01-2015 18:14:24 | 467  | [User]: taxi car [1062130] was removed from user's favorites list
INFO  | 17-01-2015 18:14:24 | 420  | [User]: taxi car [1062130] was added to user's favorites list
INFO  | 17-01-2015 18:14:25 | 467  | [User]: taxi car [1062119] was removed from user's favorites list
INFO  | 17-01-2015 18:14:26 | 467  | [User]: taxi car [1062130] was removed from user's favorites list
INFO  | 17-01-2015 18:14:26 | 420  | [User]: taxi car [1062130] was added to user's favorites list
INFO  | 17-01-2015 18:15:15 | 89  | [Server]: server was taken out of service

INFO  | 17-01-2015 18:15:16 | 69  | [Server]: server was successfully initialized
--------------------------------------------------------------------------------------
INFO  | 17-01-2015 18:15:18 | 89  | [Server]: server was taken out of service

INFO  | 17-01-2015 18:15:25 | 69  | [Server]: server was successfully initialized
--------------------------------------------------------------------------------------
INFO  | 17-01-2015 18:15:37 | 229  | [User]: a list of all taxi cars and drivers was displayed
INFO  | 17-01-2015 18:15:40 | 423  | [User]: taxi car [1062053] was added to user's favorites list
INFO  | 17-01-2015 18:15:41 | 423  | [User]: taxi car [1062057] was added to user's favorites list
INFO  | 17-01-2015 18:15:42 | 423  | [User]: taxi car [1062118] was added to user's favorites list
INFO  | 17-01-2015 18:15:44 | 423  | [User]: taxi car [1062131] was added to user's favorites list
INFO  | 17-01-2015 18:15:46 | 423  | [User]: taxi car [1062119] was added to user's favorites list
INFO  | 17-01-2015 18:15:56 | 470  | [User]: taxi car [1062119] was removed from user's favorites list
INFO  | 17-01-2015 18:15:57 | 470  | [User]: taxi car [1062053] was removed from user's favorites list
INFO  | 17-01-2015 18:15:59 | 470  | [User]: taxi car [1062057] was removed from user's favorites list
INFO  | 17-01-2015 18:16:00 | 470  | [User]: taxi car [1062130] was removed from user's favorites list
INFO  | 17-01-2015 18:16:01 | 470  | [User]: taxi car [1062131] was removed from user's favorites list
INFO  | 17-01-2015 18:16:02 | 470  | [User]: taxi car [1062118] was removed from user's favorites list
INFO  | 17-01-2015 18:16:02 | 423  | [User]: taxi car [1062118] was added to user's favorites list
INFO  | 17-01-2015 18:16:02 | 470  | [User]: taxi car [1062118] was removed from user's favorites list
INFO  | 17-01-2015 18:16:16 | 89  | [Server]: server was taken out of service

INFO  | 18-01-2015 08:14:36 | 69  | [Server]: server was successfully initialized
--------------------------------------------------------------------------------------
INFO  | 18-01-2015 08:15:26 | 897  | [User]: admin@gmail.com was logged in as Admin [keep me logged in mode: ON]
ERROR | 18-01-2015 08:16:00 | 569  | [Admin]: taxi car [1000000] was NOT added into the database
INFO  | 18-01-2015 08:16:07 | 559  | [Admin]: taxi car [1000001] was added into the database
INFO  | 18-01-2015 08:16:15 | 255  | [Admin]: a list of all taxi cars and drivers was displayed
INFO  | 18-01-2015 08:16:24 | 636  | [ADMIN]: entered into the taxi car and driver delete form
INFO  | 18-01-2015 08:16:27 | 488  | [Admin]: retrieved [1000001] taxi car information
INFO  | 18-01-2015 08:16:28 | 811  | [Admin]: taxi car [1000001] was deleted from the database
INFO  | 18-01-2015 08:16:58 | 636  | [ADMIN]: entered into the taxi car and driver delete form
INFO  | 18-01-2015 08:17:02 | 488  | [Admin]: retrieved [1000000] taxi car information
INFO  | 18-01-2015 08:17:03 | 811  | [Admin]: taxi car [1000000] was deleted from the database
INFO  | 18-01-2015 08:17:39 | 636  | [ADMIN]: entered into the taxi car and driver delete form
INFO  | 18-01-2015 08:18:53 | 559  | [Admin]: taxi car [1000000] was added into the database
INFO  | 18-01-2015 08:19:06 | 636  | [ADMIN]: entered into the taxi car and driver delete form
INFO  | 18-01-2015 08:19:08 | 488  | [Admin]: retrieved [1000000] taxi car information
INFO  | 18-01-2015 08:19:10 | 811  | [Admin]: taxi car [1000000] was deleted from the database
INFO  | 18-01-2015 08:20:53 | 255  | [Admin]: a list of all taxi cars and drivers was displayed
INFO  | 18-01-2015 08:21:14 | 559  | [Admin]: taxi car [1000000] was added into the database
INFO  | 18-01-2015 08:21:37 | 636  | [ADMIN]: entered into the taxi car and driver delete form
INFO  | 18-01-2015 08:21:39 | 488  | [Admin]: retrieved [1000000] taxi car information
INFO  | 18-01-2015 08:21:40 | 811  | [Admin]: taxi car [1000000] was deleted from the database
INFO  | 18-01-2015 08:25:02 | 559  | [Admin]: taxi car [1000000] was added into the database
INFO  | 18-01-2015 08:25:38 | 559  | [Admin]: taxi car [1000001] was added into the database
INFO  | 18-01-2015 08:25:50 | 255  | [Admin]: a list of all taxi cars and drivers was displayed
INFO  | 18-01-2015 08:25:54 | 584  | [ADMIN]: entered into the taxi car update form
INFO  | 18-01-2015 08:25:57 | 488  | [Admin]: retrieved [1000001] taxi car information
INFO  | 18-01-2015 08:26:10 | 709  | [Admin]: taxi car [GOGO] company was added automatically during taxi car update process
INFO  | 18-01-2015 08:26:10 | 717  | [Admin]: taxi car [1000001] info was updated
INFO  | 18-01-2015 08:26:19 | 610  | [ADMIN]: entered into the taxi car company update form
INFO  | 18-01-2015 08:26:21 | 518  | [Admin]: retrieved [GOGO] company information
INFO  | 18-01-2015 08:26:23 | 781  | [Admin]: company "GOGO" info was updated
INFO  | 18-01-2015 08:26:29 | 518  | [Admin]: retrieved [GOGO] company information
INFO  | 18-01-2015 08:26:45 | 749  | [Admin]: company "MOKO" was added into the database
INFO  | 18-01-2015 08:26:53 | 662  | [ADMIN]: entered into the taxi car company delete form
INFO  | 18-01-2015 08:27:04 | 845  | [Admin]: company "HIT Taxi " was deleted from the database
INFO  | 18-01-2015 08:27:10 | 255  | [Admin]: a list of all taxi cars and drivers was displayed
INFO  | 18-01-2015 08:27:16 | 636  | [ADMIN]: entered into the taxi car and driver delete form
INFO  | 18-01-2015 08:27:19 | 488  | [Admin]: retrieved [1000001] taxi car information
INFO  | 18-01-2015 08:27:21 | 811  | [Admin]: taxi car [1000001] was deleted from the database
INFO  | 18-01-2015 08:27:28 | 255  | [Admin]: a list of all taxi cars and drivers was displayed
INFO  | 18-01-2015 08:27:33 | 662  | [ADMIN]: entered into the taxi car company delete form
INFO  | 18-01-2015 08:27:37 | 845  | [Admin]: company "KOKO" was deleted from the database
INFO  | 18-01-2015 08:27:46 | 350  | [ADMIN]: a list of all taxi cars companies was displayed
INFO  | 18-01-2015 08:27:52 | 662  | [ADMIN]: entered into the taxi car company delete form
INFO  | 18-01-2015 08:27:55 | 845  | [Admin]: company "GOGO" was deleted from the database
INFO  | 18-01-2015 08:28:06 | 350  | [ADMIN]: a list of all taxi cars companies was displayed
INFO  | 18-01-2015 08:28:11 | 662  | [ADMIN]: entered into the taxi car company delete form
INFO  | 18-01-2015 08:28:14 | 845  | [Admin]: company "MOKO" was deleted from the database
INFO  | 18-01-2015 08:28:20 | 350  | [ADMIN]: a list of all taxi cars companies was displayed
INFO  | 18-01-2015 08:28:39 | 255  | [Admin]: a list of all taxi cars and drivers was displayed
INFO  | 18-01-2015 08:28:46 | 957  | [Admin]: admin was logged out
INFO  | 18-01-2015 08:28:53 | 122  | [User]: a list of five closest taxi cars was displayed based on user current location coordinates [32.0161733], [34.7733981]
INFO  | 18-01-2015 08:28:57 | 423  | [User]: taxi car [1062149] was added to user's favorites list
INFO  | 18-01-2015 08:29:00 | 423  | [User]: taxi car [1062867] was added to user's favorites list
INFO  | 18-01-2015 08:29:05 | 470  | [User]: taxi car [1062867] was removed from user's favorites list
INFO  | 18-01-2015 08:29:06 | 470  | [User]: taxi car [1062149] was removed from user's favorites list
INFO  | 18-01-2015 08:29:06 | 423  | [User]: taxi car [1062149] was added to user's favorites list
INFO  | 18-01-2015 08:29:07 | 470  | [User]: taxi car [1062149] was removed from user's favorites list
INFO  | 18-01-2015 08:29:10 | 229  | [User]: a list of all taxi cars and drivers was displayed
INFO  | 18-01-2015 08:33:47 | 229  | [User]: a list of all taxi cars and drivers was displayed
INFO  | 18-01-2015 08:34:49 | 289  | [User]: a list of all "SUV" cars was displayed
INFO  | 18-01-2015 08:36:46 | 897  | [User]: admin@gmail.com was logged in as Admin [keep me logged in mode: ON]
INFO  | 18-01-2015 08:36:57 | 350  | [ADMIN]: a list of all taxi cars companies was displayed
INFO  | 18-01-2015 08:37:25 | 662  | [ADMIN]: entered into the taxi car company delete form
INFO  | 18-01-2015 08:37:33 | 610  | [ADMIN]: entered into the taxi car company update form
INFO  | 18-01-2015 08:37:42 | 957  | [Admin]: admin was logged out
INFO  | 18-01-2015 08:50:47 | 229  | [User]: a list of all taxi cars and drivers was displayed
INFO  | 18-01-2015 08:50:54 | 229  | [User]: a list of all taxi cars and drivers was displayed
INFO  | 18-01-2015 08:50:57 | 229  | [User]: a list of all taxi cars and drivers was displayed
INFO  | 18-01-2015 08:51:09 | 229  | [User]: a list of all taxi cars and drivers was displayed
INFO  | 18-01-2015 08:51:11 | 229  | [User]: a list of all taxi cars and drivers was displayed
INFO  | 18-01-2015 08:52:09 | 229  | [User]: a list of all taxi cars and drivers was displayed
INFO  | 18-01-2015 08:52:23 | 423  | [User]: taxi car [1062058] was added to user's favorites list
INFO  | 18-01-2015 08:54:06 | 229  | [User]: a list of all taxi cars and drivers was displayed
INFO  | 18-01-2015 08:54:09 | 229  | [User]: a list of all taxi cars and drivers was displayed
INFO  | 18-01-2015 08:54:46 | 229  | [User]: a list of all taxi cars and drivers was displayed
INFO  | 18-01-2015 08:54:49 | 229  | [User]: a list of all taxi cars and drivers was displayed
INFO  | 18-01-2015 08:58:11 | 229  | [User]: a list of all taxi cars and drivers was displayed
INFO  | 18-01-2015 08:59:06 | 229  | [User]: a list of all taxi cars and drivers was displayed
INFO  | 18-01-2015 08:59:18 | 229  | [User]: a list of all taxi cars and drivers was displayed
INFO  | 18-01-2015 09:00:04 | 229  | [User]: a list of all taxi cars and drivers was displayed
INFO  | 18-01-2015 09:00:08 | 229  | [User]: a list of all taxi cars and drivers was displayed
INFO  | 18-01-2015 09:00:16 | 470  | [User]: taxi car [1062058] was removed from user's favorites list
INFO  | 18-01-2015 09:31:10 | 229  | [User]: a list of all taxi cars and drivers was displayed
INFO  | 18-01-2015 09:31:13 | 423  | [User]: taxi car [1062058] was added to user's favorites list
INFO  | 18-01-2015 09:31:17 | 470  | [User]: taxi car [1062058] was removed from user's favorites list
INFO  | 18-01-2015 09:31:32 | 89  | [Server]: server was taken out of service

INFO  | 18-01-2015 09:39:19 | 69  | [Server]: server was successfully initialized
--------------------------------------------------------------------------------------
INFO  | 18-01-2015 09:39:32 | 229  | [User]: a list of all taxi cars and drivers was displayed
INFO  | 18-01-2015 09:39:35 | 423  | [User]: taxi car [1062058] was added to user's favorites list
INFO  | 18-01-2015 09:39:37 | 423  | [User]: taxi car [1062117] was added to user's favorites list
INFO  | 18-01-2015 09:39:37 | 423  | [User]: taxi car [1062059] was added to user's favorites list
INFO  | 18-01-2015 09:39:47 | 470  | [User]: taxi car [1062059] was removed from user's favorites list
INFO  | 18-01-2015 09:39:48 | 470  | [User]: taxi car [1062058] was removed from user's favorites list
INFO  | 18-01-2015 09:39:48 | 470  | [User]: taxi car [1062117] was removed from user's favorites list
INFO  | 18-01-2015 09:39:48 | 423  | [User]: taxi car [1062117] was added to user's favorites list
INFO  | 18-01-2015 09:39:49 | 470  | [User]: taxi car [1062117] was removed from user's favorites list
INFO  | 18-01-2015 09:39:49 | 423  | [User]: taxi car [1062117] was added to user's favorites list
INFO  | 18-01-2015 09:39:50 | 470  | [User]: taxi car [1062117] was removed from user's favorites list
INFO  | 18-01-2015 09:41:05 | 89  | [Server]: server was taken out of service

INFO  | 18-01-2015 09:41:06 | 69  | [Server]: server was successfully initialized
--------------------------------------------------------------------------------------
INFO  | 18-01-2015 09:41:07 | 89  | [Server]: server was taken out of service

INFO  | 18-01-2015 09:41:20 | 69  | [Server]: server was successfully initialized
--------------------------------------------------------------------------------------
INFO  | 18-01-2015 09:41:45 | 229  | [User]: a list of all taxi cars and drivers was displayed
INFO  | 18-01-2015 09:41:47 | 423  | [User]: taxi car [1062058] was added to user's favorites list
INFO  | 18-01-2015 09:41:49 | 423  | [User]: taxi car [1062117] was added to user's favorites list
INFO  | 18-01-2015 09:41:50 | 423  | [User]: taxi car [1062059] was added to user's favorites list
INFO  | 18-01-2015 09:41:52 | 423  | [User]: taxi car [1062133] was added to user's favorites list
INFO  | 18-01-2015 09:41:57 | 470  | [User]: taxi car [1062133] was removed from user's favorites list
INFO  | 18-01-2015 09:42:01 | 470  | [User]: taxi car [1062117] was removed from user's favorites list
INFO  | 18-01-2015 09:42:02 | 470  | [User]: taxi car [1062058] was removed from user's favorites list
INFO  | 18-01-2015 09:42:02 | 470  | [User]: taxi car [1062059] was removed from user's favorites list
INFO  | 18-01-2015 09:43:16 | 89  | [Server]: server was taken out of service

INFO  | 18-01-2015 14:23:22 | 70  | [Server]: server was successfully initialized
--------------------------------------------------------------------------------------
INFO  | 18-01-2015 14:23:34 | 230  | [User]: a list of all taxi cars and drivers was displayed
INFO  | 18-01-2015 14:23:36 | 424  | [User]: taxi car [1062055] was added to user's favorites list
INFO  | 18-01-2015 14:23:37 | 424  | [User]: taxi car [1062057] was added to user's favorites list
INFO  | 18-01-2015 14:23:38 | 424  | [User]: taxi car [1062117] was added to user's favorites list
INFO  | 18-01-2015 14:23:39 | 424  | [User]: taxi car [1062119] was added to user's favorites list
INFO  | 18-01-2015 14:23:40 | 424  | [User]: taxi car [1062118] was added to user's favorites list
INFO  | 18-01-2015 14:23:41 | 424  | [User]: taxi car [1062133] was added to user's favorites list
INFO  | 18-01-2015 14:23:43 | 424  | [User]: taxi car [1062129] was added to user's favorites list
INFO  | 18-01-2015 14:23:49 | 471  | [User]: taxi car [1062057] was removed from user's favorites list
INFO  | 18-01-2015 14:23:50 | 471  | [User]: taxi car [1062133] was removed from user's favorites list
INFO  | 18-01-2015 14:23:52 | 471  | [User]: taxi car [1062055] was removed from user's favorites list
INFO  | 18-01-2015 14:23:54 | 471  | [User]: taxi car [1062119] was removed from user's favorites list
INFO  | 18-01-2015 14:23:54 | 471  | [User]: taxi car [1062118] was removed from user's favorites list
INFO  | 18-01-2015 14:23:55 | 471  | [User]: taxi car [1062117] was removed from user's favorites list
INFO  | 18-01-2015 14:23:56 | 471  | [User]: taxi car [1062129] was removed from user's favorites list
INFO  | 18-01-2015 14:28:17 | 90  | [Server]: server was taken out of service

INFO  | 18-01-2015 14:28:18 | 71  | [Server]: server was successfully initialized
--------------------------------------------------------------------------------------
INFO  | 18-01-2015 14:28:29 | 91  | [Server]: server was taken out of service

INFO  | 18-01-2015 14:28:30 | 69  | [Server]: server was successfully initialized
--------------------------------------------------------------------------------------
INFO  | 18-01-2015 14:28:33 | 89  | [Server]: server was taken out of service

INFO  | 18-01-2015 14:28:40 | 69  | [Server]: server was successfully initialized
--------------------------------------------------------------------------------------
INFO  | 18-01-2015 14:28:50 | 229  | [User]: a list of all taxi cars and drivers was displayed
INFO  | 18-01-2015 14:28:52 | 423  | [User]: taxi car [1062057] was added to user's favorites list
INFO  | 18-01-2015 14:28:53 | 423  | [User]: taxi car [1062055] was added to user's favorites list
INFO  | 18-01-2015 14:28:55 | 423  | [User]: taxi car [1062117] was added to user's favorites list
INFO  | 18-01-2015 14:28:56 | 423  | [User]: taxi car [1062119] was added to user's favorites list
INFO  | 18-01-2015 14:28:56 | 423  | [User]: taxi car [1062118] was added to user's favorites list
INFO  | 18-01-2015 14:28:59 | 423  | [User]: taxi car [1062129] was added to user's favorites list
INFO  | 18-01-2015 14:29:14 | 470  | [User]: taxi car [1062129] was removed from user's favorites list
INFO  | 18-01-2015 14:29:14 | 470  | [User]: taxi car [1062118] was removed from user's favorites list
INFO  | 18-01-2015 14:29:16 | 470  | [User]: taxi car [1062057] was removed from user's favorites list
INFO  | 18-01-2015 14:29:16 | 470  | [User]: taxi car [1062055] was removed from user's favorites list
INFO  | 18-01-2015 14:29:17 | 470  | [User]: taxi car [1062117] was removed from user's favorites list
INFO  | 18-01-2015 14:29:17 | 470  | [User]: taxi car [1062119] was removed from user's favorites list
INFO  | 18-01-2015 14:29:17 | 423  | [User]: taxi car [1062119] was added to user's favorites list
INFO  | 18-01-2015 14:29:18 | 470  | [User]: taxi car [1062119] was removed from user's favorites list
INFO  | 18-01-2015 14:29:18 | 423  | [User]: taxi car [1062119] was added to user's favorites list
INFO  | 18-01-2015 14:29:19 | 470  | [User]: taxi car [1062119] was removed from user's favorites list
INFO  | 18-01-2015 14:29:19 | 423  | [User]: taxi car [1062119] was added to user's favorites list
INFO  | 18-01-2015 14:29:20 | 470  | [User]: taxi car [1062119] was removed from user's favorites list
INFO  | 18-01-2015 14:29:20 | 423  | [User]: taxi car [1062119] was added to user's favorites list
INFO  | 18-01-2015 14:29:20 | 470  | [User]: taxi car [1062119] was removed from user's favorites list
INFO  | 18-01-2015 14:30:38 | 89  | [Server]: server was taken out of service

INFO  | 18-01-2015 14:30:45 | 69  | [Server]: server was successfully initialized
--------------------------------------------------------------------------------------
INFO  | 18-01-2015 14:31:32 | 229  | [User]: a list of all taxi cars and drivers was displayed
INFO  | 18-01-2015 14:31:35 | 423  | [User]: taxi car [1062055] was added to user's favorites list
INFO  | 18-01-2015 14:31:35 | 423  | [User]: taxi car [1062057] was added to user's favorites list
INFO  | 18-01-2015 14:31:36 | 423  | [User]: taxi car [1062118] was added to user's favorites list
INFO  | 18-01-2015 14:31:37 | 423  | [User]: taxi car [1062117] was added to user's favorites list
INFO  | 18-01-2015 14:31:38 | 423  | [User]: taxi car [1062129] was added to user's favorites list
INFO  | 18-01-2015 14:31:39 | 423  | [User]: taxi car [1062133] was added to user's favorites list
INFO  | 18-01-2015 14:36:21 | 89  | [Server]: server was taken out of service

INFO  | 18-01-2015 14:36:22 | 69  | [Server]: server was successfully initialized
--------------------------------------------------------------------------------------
INFO  | 18-01-2015 14:36:23 | 89  | [Server]: server was taken out of service

INFO  | 18-01-2015 14:36:28 | 69  | [Server]: server was successfully initialized
--------------------------------------------------------------------------------------
INFO  | 18-01-2015 14:36:38 | 229  | [User]: a list of all taxi cars and drivers was displayed
INFO  | 18-01-2015 14:36:48 | 467  | [User]: taxi car [1062057] was removed from user's favorites list
INFO  | 18-01-2015 14:36:50 | 467  | [User]: taxi car [1062133] was removed from user's favorites list
INFO  | 18-01-2015 14:36:51 | 467  | [User]: taxi car [1062055] was removed from user's favorites list
INFO  | 18-01-2015 14:36:52 | 467  | [User]: taxi car [1062118] was removed from user's favorites list
INFO  | 18-01-2015 14:36:52 | 467  | [User]: taxi car [1062117] was removed from user's favorites list
INFO  | 18-01-2015 14:36:52 | 467  | [User]: taxi car [1062129] was removed from user's favorites list
INFO  | 18-01-2015 14:36:59 | 229  | [User]: a list of all taxi cars and drivers was displayed
INFO  | 18-01-2015 14:37:02 | 423  | [User]: taxi car [1062055] was added to user's favorites list
INFO  | 18-01-2015 14:37:02 | 423  | [User]: taxi car [1062057] was added to user's favorites list
INFO  | 18-01-2015 14:37:04 | 423  | [User]: taxi car [1062119] was added to user's favorites list
INFO  | 18-01-2015 14:37:05 | 423  | [User]: taxi car [1062118] was added to user's favorites list
INFO  | 18-01-2015 14:37:05 | 423  | [User]: taxi car [1062117] was added to user's favorites list
INFO  | 18-01-2015 14:37:07 | 423  | [User]: taxi car [1062129] was added to user's favorites list
INFO  | 18-01-2015 14:37:08 | 423  | [User]: taxi car [1062133] was added to user's favorites list
INFO  | 18-01-2015 14:37:09 | 423  | [User]: taxi car [1062137] was added to user's favorites list
INFO  | 18-01-2015 14:37:10 | 423  | [User]: taxi car [1062134] was added to user's favorites list
INFO  | 18-01-2015 14:37:12 | 423  | [User]: taxi car [1062138] was added to user's favorites list
INFO  | 18-01-2015 14:37:12 | 423  | [User]: taxi car [1062139] was added to user's favorites list
INFO  | 18-01-2015 14:37:13 | 423  | [User]: taxi car [1062141] was added to user's favorites list
INFO  | 18-01-2015 14:37:15 | 423  | [User]: taxi car [1062142] was added to user's favorites list
INFO  | 18-01-2015 14:37:17 | 423  | [User]: taxi car [1062150] was added to user's favorites list
INFO  | 18-01-2015 14:37:18 | 423  | [User]: taxi car [1062151] was added to user's favorites list
INFO  | 18-01-2015 14:37:23 | 467  | [User]: taxi car [1062119] was removed from user's favorites list
INFO  | 18-01-2015 14:37:24 | 467  | [User]: taxi car [1062057] was removed from user's favorites list
INFO  | 18-01-2015 14:37:25 | 467  | [User]: taxi car [1062137] was removed from user's favorites list
INFO  | 18-01-2015 14:37:26 | 467  | [User]: taxi car [1062134] was removed from user's favorites list
INFO  | 18-01-2015 14:37:27 | 467  | [User]: taxi car [1062133] was removed from user's favorites list
INFO  | 18-01-2015 14:37:27 | 467  | [User]: taxi car [1062138] was removed from user's favorites list
INFO  | 18-01-2015 14:37:29 | 467  | [User]: taxi car [1062055] was removed from user's favorites list
INFO  | 18-01-2015 14:37:30 | 467  | [User]: taxi car [1062118] was removed from user's favorites list
INFO  | 18-01-2015 14:37:30 | 467  | [User]: taxi car [1062151] was removed from user's favorites list
INFO  | 18-01-2015 14:37:31 | 467  | [User]: taxi car [1062150] was removed from user's favorites list
INFO  | 18-01-2015 14:37:31 | 467  | [User]: taxi car [1062142] was removed from user's favorites list
INFO  | 18-01-2015 14:37:32 | 467  | [User]: taxi car [1062117] was removed from user's favorites list
INFO  | 18-01-2015 14:37:33 | 467  | [User]: taxi car [1062129] was removed from user's favorites list
INFO  | 18-01-2015 14:37:33 | 467  | [User]: taxi car [1062139] was removed from user's favorites list
INFO  | 18-01-2015 14:37:34 | 467  | [User]: taxi car [1062141] was removed from user's favorites list
INFO  | 18-01-2015 14:38:36 | 89  | [Server]: server was taken out of service

INFO  | 18-01-2015 14:38:37 | 69  | [Server]: server was successfully initialized
--------------------------------------------------------------------------------------
INFO  | 18-01-2015 14:38:40 | 89  | [Server]: server was taken out of service

INFO  | 18-01-2015 14:41:59 | 68  | [Server]: server was successfully initialized
--------------------------------------------------------------------------------------
INFO  | 18-01-2015 14:42:07 | 228  | [User]: a list of all taxi cars and drivers was displayed
INFO  | 18-01-2015 14:42:17 | 419  | [User]: taxi car [1062055] was added to user's favorites list
INFO  | 18-01-2015 14:42:17 | 419  | [User]: taxi car [1062057] was added to user's favorites list
INFO  | 18-01-2015 14:42:18 | 419  | [User]: taxi car [1062118] was added to user's favorites list
INFO  | 18-01-2015 14:42:20 | 419  | [User]: taxi car [1062117] was added to user's favorites list
INFO  | 18-01-2015 14:42:20 | 419  | [User]: taxi car [1062119] was added to user's favorites list
INFO  | 18-01-2015 14:42:22 | 419  | [User]: taxi car [1062133] was added to user's favorites list
INFO  | 18-01-2015 14:42:23 | 419  | [User]: taxi car [1062129] was added to user's favorites list
INFO  | 18-01-2015 14:42:24 | 419  | [User]: taxi car [1062134] was added to user's favorites list
INFO  | 18-01-2015 14:42:25 | 419  | [User]: taxi car [1062137] was added to user's favorites list
INFO  | 18-01-2015 14:42:26 | 419  | [User]: taxi car [1062141] was added to user's favorites list
INFO  | 18-01-2015 14:42:27 | 419  | [User]: taxi car [1062139] was added to user's favorites list
INFO  | 18-01-2015 14:42:27 | 419  | [User]: taxi car [1062138] was added to user's favorites list
INFO  | 18-01-2015 14:42:32 | 463  | [User]: taxi car [1062133] was removed from user's favorites list
INFO  | 18-01-2015 14:42:32 | 419  | [User]: taxi car [1062133] was added to user's favorites list
INFO  | 18-01-2015 14:42:49 | 463  | [User]: taxi car [1062129] was removed from user's favorites list
INFO  | 18-01-2015 14:42:50 | 463  | [User]: taxi car [1062134] was removed from user's favorites list
INFO  | 18-01-2015 14:42:50 | 463  | [User]: taxi car [1062119] was removed from user's favorites list
INFO  | 18-01-2015 14:42:51 | 463  | [User]: taxi car [1062055] was removed from user's favorites list
INFO  | 18-01-2015 14:42:51 | 419  | [User]: taxi car [1062055] was added to user's favorites list
INFO  | 18-01-2015 14:42:52 | 463  | [User]: taxi car [1062057] was removed from user's favorites list
INFO  | 18-01-2015 14:42:52 | 419  | [User]: taxi car [1062057] was added to user's favorites list
INFO  | 18-01-2015 14:42:53 | 463  | [User]: taxi car [1062138] was removed from user's favorites list
INFO  | 18-01-2015 14:42:53 | 419  | [User]: taxi car [1062138] was added to user's favorites list
INFO  | 18-01-2015 14:42:54 | 463  | [User]: taxi car [1062139] was removed from user's favorites list
INFO  | 18-01-2015 14:42:54 | 419  | [User]: taxi car [1062139] was added to user's favorites list
INFO  | 18-01-2015 14:42:54 | 463  | [User]: taxi car [1062133] was removed from user's favorites list
INFO  | 18-01-2015 14:42:54 | 419  | [User]: taxi car [1062133] was added to user's favorites list
INFO  | 18-01-2015 14:42:55 | 463  | [User]: taxi car [1062055] was removed from user's favorites list
INFO  | 18-01-2015 14:42:56 | 463  | [User]: taxi car [1062057] was removed from user's favorites list
INFO  | 18-01-2015 14:42:56 | 419  | [User]: taxi car [1062057] was added to user's favorites list
INFO  | 18-01-2015 14:42:59 | 463  | [User]: taxi car [1062138] was removed from user's favorites list
INFO  | 18-01-2015 14:43:00 | 463  | [User]: taxi car [1062139] was removed from user's favorites list
INFO  | 18-01-2015 14:43:00 | 419  | [User]: taxi car [1062139] was added to user's favorites list
INFO  | 18-01-2015 14:43:01 | 463  | [User]: taxi car [1062133] was removed from user's favorites list
INFO  | 18-01-2015 14:43:04 | 88  | [Server]: server was taken out of service

INFO  | 18-01-2015 14:43:28 | 69  | [Server]: server was successfully initialized
--------------------------------------------------------------------------------------
INFO  | 18-01-2015 14:44:01 | 229  | [User]: a list of all taxi cars and drivers was displayed
INFO  | 18-01-2015 14:44:03 | 423  | [User]: taxi car [1062055] was added to user's favorites list
INFO  | 18-01-2015 14:44:04 | 423  | [User]: taxi car [1062057] was added to user's favorites list
INFO  | 18-01-2015 14:44:05 | 423  | [User]: taxi car [1062118] was added to user's favorites list
INFO  | 18-01-2015 14:44:06 | 423  | [User]: taxi car [1062117] was added to user's favorites list
INFO  | 18-01-2015 14:44:07 | 423  | [User]: taxi car [1062133] was added to user's favorites list
INFO  | 18-01-2015 14:44:08 | 423  | [User]: taxi car [1062129] was added to user's favorites list
INFO  | 18-01-2015 14:44:12 | 467  | [User]: taxi car [1062057] was removed from user's favorites list
INFO  | 18-01-2015 14:44:13 | 467  | [User]: taxi car [1062118] was removed from user's favorites list
INFO  | 18-01-2015 14:44:14 | 467  | [User]: taxi car [1062055] was removed from user's favorites list
INFO  | 18-01-2015 14:44:15 | 467  | [User]: taxi car [1062133] was removed from user's favorites list
INFO  | 18-01-2015 14:44:16 | 467  | [User]: taxi car [1062117] was removed from user's favorites list
INFO  | 18-01-2015 14:44:16 | 467  | [User]: taxi car [1062129] was removed from user's favorites list
INFO  | 18-01-2015 14:44:22 | 229  | [User]: a list of all taxi cars and drivers was displayed
INFO  | 18-01-2015 14:45:55 | 89  | [Server]: server was taken out of service

INFO  | 18-01-2015 14:45:56 | 69  | [Server]: server was successfully initialized
--------------------------------------------------------------------------------------
INFO  | 18-01-2015 14:45:57 | 89  | [Server]: server was taken out of service

INFO  | 18-01-2015 14:47:01 | 69  | [Server]: server was successfully initialized
--------------------------------------------------------------------------------------
INFO  | 18-01-2015 14:47:37 | 229  | [User]: a list of all taxi cars and drivers was displayed
INFO  | 18-01-2015 14:47:41 | 423  | [User]: taxi car [1062057] was added to user's favorites list
INFO  | 18-01-2015 14:47:42 | 423  | [User]: taxi car [1062055] was added to user's favorites list
INFO  | 18-01-2015 14:47:44 | 423  | [User]: taxi car [1062118] was added to user's favorites list
INFO  | 18-01-2015 14:47:45 | 423  | [User]: taxi car [1062117] was added to user's favorites list
INFO  | 18-01-2015 14:47:46 | 423  | [User]: taxi car [1062129] was added to user's favorites list
INFO  | 18-01-2015 14:47:47 | 423  | [User]: taxi car [1062133] was added to user's favorites list
INFO  | 18-01-2015 14:47:49 | 423  | [User]: taxi car [1062137] was added to user's favorites list
INFO  | 18-01-2015 14:47:49 | 423  | [User]: taxi car [1062134] was added to user's favorites list
INFO  | 18-01-2015 14:47:56 | 423  | [User]: taxi car [1062139] was added to user's favorites list
INFO  | 18-01-2015 14:47:56 | 423  | [User]: taxi car [1062138] was added to user's favorites list
INFO  | 18-01-2015 14:47:57 | 423  | [User]: taxi car [1062141] was added to user's favorites list
INFO  | 18-01-2015 14:48:00 | 423  | [User]: taxi car [1062142] was added to user's favorites list
INFO  | 18-01-2015 14:48:01 | 423  | [User]: taxi car [1062150] was added to user's favorites list
INFO  | 18-01-2015 14:48:02 | 423  | [User]: taxi car [1062151] was added to user's favorites list
INFO  | 18-01-2015 14:48:06 | 469  | [User]: taxi car [1062118] was removed from user's favorites list
INFO  | 18-01-2015 14:48:07 | 469  | [User]: taxi car [1062055] was removed from user's favorites list
INFO  | 18-01-2015 14:48:08 | 469  | [User]: taxi car [1062134] was removed from user's favorites list
INFO  | 18-01-2015 14:48:09 | 469  | [User]: taxi car [1062137] was removed from user's favorites list
INFO  | 18-01-2015 14:48:11 | 469  | [User]: taxi car [1062057] was removed from user's favorites list
INFO  | 18-01-2015 14:48:12 | 469  | [User]: taxi car [1062139] was removed from user's favorites list
INFO  | 18-01-2015 14:48:14 | 469  | [User]: taxi car [1062133] was removed from user's favorites list
INFO  | 18-01-2015 14:48:15 | 469  | [User]: taxi car [1062138] was removed from user's favorites list
INFO  | 18-01-2015 14:48:16 | 469  | [User]: taxi car [1062129] was removed from user's favorites list
INFO  | 18-01-2015 14:48:17 | 469  | [User]: taxi car [1062117] was removed from user's favorites list
INFO  | 18-01-2015 14:48:18 | 469  | [User]: taxi car [1062151] was removed from user's favorites list
INFO  | 18-01-2015 14:48:19 | 469  | [User]: taxi car [1062141] was removed from user's favorites list
INFO  | 18-01-2015 14:48:20 | 469  | [User]: taxi car [1062142] was removed from user's favorites list
INFO  | 18-01-2015 14:48:21 | 469  | [User]: taxi car [1062150] was removed from user's favorites list
INFO  | 18-01-2015 14:48:48 | 89  | [Server]: server was taken out of service

